DEB [20200227-00:24:03.903] thr=1   paramiko.transport: starting thread (client mode): 0x2baa850
DEB [20200227-00:24:03.904] thr=1   paramiko.transport: Local version/idstring: SSH-2.0-paramiko_2.7.1
DEB [20200227-00:24:04.039] thr=1   paramiko.transport: Remote version/idstring: SSH-2.0-OpenSSH_7.9p1 Raspbian-10
INF [20200227-00:24:04.039] thr=1   paramiko.transport: Connected (version 2.0, client OpenSSH_7.9p1)
DEB [20200227-00:24:04.046] thr=1   paramiko.transport: kex algos:['curve25519-sha256', 'curve25519-sha256@libssh.org', 'ecdh-sha2-nistp256', 'ecdh-sha2-nistp384', 'ecdh-sha2-nistp521', 'diffie-hellman-group-exchange-sha256', 'diffie-hellman-group16-sha512', 'diffie-hellman-group18-sha512', 'diffie-hellman-group14-sha256', 'diffie-hellman-group14-sha1'] server key:['rsa-sha2-512', 'rsa-sha2-256', 'ssh-rsa', 'ecdsa-sha2-nistp256', 'ssh-ed25519'] client encrypt:['chacha20-poly1305@openssh.com', 'aes128-ctr', 'aes192-ctr', 'aes256-ctr', 'aes128-gcm@openssh.com', 'aes256-gcm@openssh.com'] server encrypt:['chacha20-poly1305@openssh.com', 'aes128-ctr', 'aes192-ctr', 'aes256-ctr', 'aes128-gcm@openssh.com', 'aes256-gcm@openssh.com'] client mac:['umac-64-etm@openssh.com', 'umac-128-etm@openssh.com', 'hmac-sha2-256-etm@openssh.com', 'hmac-sha2-512-etm@openssh.com', 'hmac-sha1-etm@openssh.com', 'umac-64@openssh.com', 'umac-128@openssh.com', 'hmac-sha2-256', 'hmac-sha2-512', 'hmac-sha1'] server mac:['umac-64-etm@openssh.com', 'umac-128-etm@openssh.com', 'hmac-sha2-256-etm@openssh.com', 'hmac-sha2-512-etm@openssh.com', 'hmac-sha1-etm@openssh.com', 'umac-64@openssh.com', 'umac-128@openssh.com', 'hmac-sha2-256', 'hmac-sha2-512', 'hmac-sha1'] client compress:['none', 'zlib@openssh.com'] server compress:['none', 'zlib@openssh.com'] client lang:[''] server lang:[''] kex follows?False
DEB [20200227-00:24:04.051] thr=1   paramiko.transport: Kex agreed: curve25519-sha256@libssh.org
DEB [20200227-00:24:04.051] thr=1   paramiko.transport: HostKey agreed: ecdsa-sha2-nistp256
DEB [20200227-00:24:04.051] thr=1   paramiko.transport: Cipher agreed: aes128-ctr
DEB [20200227-00:24:04.052] thr=1   paramiko.transport: MAC agreed: hmac-sha2-256
DEB [20200227-00:24:04.052] thr=1   paramiko.transport: Compression agreed: none
DEB [20200227-00:24:04.121] thr=1   paramiko.transport: kex engine KexCurve25519 specified hash_algo <built-in function openssl_sha256>
DEB [20200227-00:24:04.121] thr=1   paramiko.transport: Switch to new keys ...
DEB [20200227-00:24:04.124] thr=2   paramiko.transport: Trying discovered key b'9872f62b8e2ff054cf5bc68dfc14b3ed' in /Users/nikola/.ssh/id_rsa
DEB [20200227-00:24:04.136] thr=1   paramiko.transport: userauth is OK
INF [20200227-00:24:04.220] thr=1   paramiko.transport: Authentication (publickey) failed.
DEB [20200227-00:24:04.227] thr=1   paramiko.transport: userauth is OK
INF [20200227-00:24:04.627] thr=1   paramiko.transport: Authentication (password) successful!
DEB [20200227-00:24:04.628] thr=2   paramiko.transport: [chan 0] Max packet in: 32768 bytes
DEB [20200227-00:24:04.935] thr=1   paramiko.transport: Received global request "hostkeys-00@openssh.com"
DEB [20200227-00:24:04.935] thr=1   paramiko.transport: Rejecting "hostkeys-00@openssh.com" global request from server.
DEB [20200227-00:24:04.944] thr=1   paramiko.transport: [chan 0] Max packet out: 32768 bytes
DEB [20200227-00:24:04.944] thr=1   paramiko.transport: Secsh channel 0 opened.
DEB [20200227-00:24:04.955] thr=1   paramiko.transport: [chan 0] Sesch channel 0 request ok
DEB [20200227-00:24:04.955] thr=2   paramiko.transport: [chan 0] EOF sent (0)
DEB [20200227-00:25:37.125] thr=1   paramiko.transport: starting thread (client mode): 0x98f5950
DEB [20200227-00:25:37.125] thr=1   paramiko.transport: Local version/idstring: SSH-2.0-paramiko_2.7.1
DEB [20200227-00:25:37.262] thr=1   paramiko.transport: Remote version/idstring: SSH-2.0-OpenSSH_7.9p1 Raspbian-10
INF [20200227-00:25:37.262] thr=1   paramiko.transport: Connected (version 2.0, client OpenSSH_7.9p1)
DEB [20200227-00:25:37.271] thr=1   paramiko.transport: kex algos:['curve25519-sha256', 'curve25519-sha256@libssh.org', 'ecdh-sha2-nistp256', 'ecdh-sha2-nistp384', 'ecdh-sha2-nistp521', 'diffie-hellman-group-exchange-sha256', 'diffie-hellman-group16-sha512', 'diffie-hellman-group18-sha512', 'diffie-hellman-group14-sha256', 'diffie-hellman-group14-sha1'] server key:['rsa-sha2-512', 'rsa-sha2-256', 'ssh-rsa', 'ecdsa-sha2-nistp256', 'ssh-ed25519'] client encrypt:['chacha20-poly1305@openssh.com', 'aes128-ctr', 'aes192-ctr', 'aes256-ctr', 'aes128-gcm@openssh.com', 'aes256-gcm@openssh.com'] server encrypt:['chacha20-poly1305@openssh.com', 'aes128-ctr', 'aes192-ctr', 'aes256-ctr', 'aes128-gcm@openssh.com', 'aes256-gcm@openssh.com'] client mac:['umac-64-etm@openssh.com', 'umac-128-etm@openssh.com', 'hmac-sha2-256-etm@openssh.com', 'hmac-sha2-512-etm@openssh.com', 'hmac-sha1-etm@openssh.com', 'umac-64@openssh.com', 'umac-128@openssh.com', 'hmac-sha2-256', 'hmac-sha2-512', 'hmac-sha1'] server mac:['umac-64-etm@openssh.com', 'umac-128-etm@openssh.com', 'hmac-sha2-256-etm@openssh.com', 'hmac-sha2-512-etm@openssh.com', 'hmac-sha1-etm@openssh.com', 'umac-64@openssh.com', 'umac-128@openssh.com', 'hmac-sha2-256', 'hmac-sha2-512', 'hmac-sha1'] client compress:['none', 'zlib@openssh.com'] server compress:['none', 'zlib@openssh.com'] client lang:[''] server lang:[''] kex follows?False
DEB [20200227-00:25:37.273] thr=1   paramiko.transport: Kex agreed: curve25519-sha256@libssh.org
DEB [20200227-00:25:37.273] thr=1   paramiko.transport: HostKey agreed: ecdsa-sha2-nistp256
DEB [20200227-00:25:37.273] thr=1   paramiko.transport: Cipher agreed: aes128-ctr
DEB [20200227-00:25:37.273] thr=1   paramiko.transport: MAC agreed: hmac-sha2-256
DEB [20200227-00:25:37.273] thr=1   paramiko.transport: Compression agreed: none
DEB [20200227-00:25:37.339] thr=1   paramiko.transport: kex engine KexCurve25519 specified hash_algo <built-in function openssl_sha256>
DEB [20200227-00:25:37.339] thr=1   paramiko.transport: Switch to new keys ...
DEB [20200227-00:25:37.342] thr=2   paramiko.transport: Trying discovered key b'9872f62b8e2ff054cf5bc68dfc14b3ed' in /Users/nikola/.ssh/id_rsa
DEB [20200227-00:25:37.349] thr=1   paramiko.transport: userauth is OK
INF [20200227-00:25:37.433] thr=1   paramiko.transport: Authentication (publickey) failed.
DEB [20200227-00:25:37.438] thr=1   paramiko.transport: userauth is OK
INF [20200227-00:25:37.811] thr=1   paramiko.transport: Authentication (password) successful!
DEB [20200227-00:25:37.812] thr=2   paramiko.transport: [chan 0] Max packet in: 32768 bytes
DEB [20200227-00:25:38.119] thr=1   paramiko.transport: Received global request "hostkeys-00@openssh.com"
DEB [20200227-00:25:38.119] thr=1   paramiko.transport: Rejecting "hostkeys-00@openssh.com" global request from server.
DEB [20200227-00:25:38.125] thr=1   paramiko.transport: [chan 0] Max packet out: 32768 bytes
DEB [20200227-00:25:38.125] thr=1   paramiko.transport: Secsh channel 0 opened.
DEB [20200227-00:25:38.135] thr=1   paramiko.transport: [chan 0] Sesch channel 0 request ok
DEB [20200227-00:25:38.135] thr=2   paramiko.transport: [chan 0] EOF sent (0)
DEB [20200227-00:25:38.165] thr=1   paramiko.transport: [chan 0] EOF received (0)
DEB [20200227-00:26:38.337] thr=1   paramiko.transport: starting thread (client mode): 0x2f3b790
DEB [20200227-00:26:38.337] thr=1   paramiko.transport: Local version/idstring: SSH-2.0-paramiko_2.7.1
DEB [20200227-00:26:38.471] thr=1   paramiko.transport: Remote version/idstring: SSH-2.0-OpenSSH_7.9p1 Raspbian-10
INF [20200227-00:26:38.471] thr=1   paramiko.transport: Connected (version 2.0, client OpenSSH_7.9p1)
DEB [20200227-00:26:38.478] thr=1   paramiko.transport: kex algos:['curve25519-sha256', 'curve25519-sha256@libssh.org', 'ecdh-sha2-nistp256', 'ecdh-sha2-nistp384', 'ecdh-sha2-nistp521', 'diffie-hellman-group-exchange-sha256', 'diffie-hellman-group16-sha512', 'diffie-hellman-group18-sha512', 'diffie-hellman-group14-sha256', 'diffie-hellman-group14-sha1'] server key:['rsa-sha2-512', 'rsa-sha2-256', 'ssh-rsa', 'ecdsa-sha2-nistp256', 'ssh-ed25519'] client encrypt:['chacha20-poly1305@openssh.com', 'aes128-ctr', 'aes192-ctr', 'aes256-ctr', 'aes128-gcm@openssh.com', 'aes256-gcm@openssh.com'] server encrypt:['chacha20-poly1305@openssh.com', 'aes128-ctr', 'aes192-ctr', 'aes256-ctr', 'aes128-gcm@openssh.com', 'aes256-gcm@openssh.com'] client mac:['umac-64-etm@openssh.com', 'umac-128-etm@openssh.com', 'hmac-sha2-256-etm@openssh.com', 'hmac-sha2-512-etm@openssh.com', 'hmac-sha1-etm@openssh.com', 'umac-64@openssh.com', 'umac-128@openssh.com', 'hmac-sha2-256', 'hmac-sha2-512', 'hmac-sha1'] server mac:['umac-64-etm@openssh.com', 'umac-128-etm@openssh.com', 'hmac-sha2-256-etm@openssh.com', 'hmac-sha2-512-etm@openssh.com', 'hmac-sha1-etm@openssh.com', 'umac-64@openssh.com', 'umac-128@openssh.com', 'hmac-sha2-256', 'hmac-sha2-512', 'hmac-sha1'] client compress:['none', 'zlib@openssh.com'] server compress:['none', 'zlib@openssh.com'] client lang:[''] server lang:[''] kex follows?False
DEB [20200227-00:26:38.479] thr=1   paramiko.transport: Kex agreed: curve25519-sha256@libssh.org
DEB [20200227-00:26:38.479] thr=1   paramiko.transport: HostKey agreed: ecdsa-sha2-nistp256
DEB [20200227-00:26:38.479] thr=1   paramiko.transport: Cipher agreed: aes128-ctr
DEB [20200227-00:26:38.479] thr=1   paramiko.transport: MAC agreed: hmac-sha2-256
DEB [20200227-00:26:38.479] thr=1   paramiko.transport: Compression agreed: none
DEB [20200227-00:26:38.552] thr=1   paramiko.transport: kex engine KexCurve25519 specified hash_algo <built-in function openssl_sha256>
DEB [20200227-00:26:38.552] thr=1   paramiko.transport: Switch to new keys ...
DEB [20200227-00:26:38.554] thr=2   paramiko.transport: Trying discovered key b'9872f62b8e2ff054cf5bc68dfc14b3ed' in /Users/nikola/.ssh/id_rsa
DEB [20200227-00:26:38.564] thr=1   paramiko.transport: userauth is OK
INF [20200227-00:26:38.648] thr=1   paramiko.transport: Authentication (publickey) failed.
DEB [20200227-00:26:38.659] thr=1   paramiko.transport: userauth is OK
INF [20200227-00:26:38.975] thr=1   paramiko.transport: Authentication (password) successful!
DEB [20200227-00:26:38.976] thr=2   paramiko.transport: [chan 0] Max packet in: 32768 bytes
DEB [20200227-00:26:39.354] thr=1   paramiko.transport: Received global request "hostkeys-00@openssh.com"
DEB [20200227-00:26:39.355] thr=1   paramiko.transport: Rejecting "hostkeys-00@openssh.com" global request from server.
DEB [20200227-00:26:39.363] thr=1   paramiko.transport: [chan 0] Max packet out: 32768 bytes
DEB [20200227-00:26:39.363] thr=1   paramiko.transport: Secsh channel 0 opened.
DEB [20200227-00:26:39.378] thr=1   paramiko.transport: [chan 0] Sesch channel 0 request ok
DEB [20200227-00:26:39.378] thr=2   paramiko.transport: [chan 0] EOF sent (0)
DEB [20200227-00:26:39.413] thr=1   paramiko.transport: [chan 0] EOF received (0)
DEB [20200227-00:27:16.306] thr=3   paramiko.transport: [chan 1] Max packet in: 32768 bytes
DEB [20200227-00:27:16.314] thr=4   paramiko.transport: [chan 2] Max packet in: 32768 bytes
DEB [20200227-00:27:16.316] thr=1   paramiko.transport: [chan 1] Max packet out: 32768 bytes
DEB [20200227-00:27:16.316] thr=1   paramiko.transport: Secsh channel 1 opened.
DEB [20200227-00:27:16.319] thr=5   paramiko.transport: [chan 3] Max packet in: 32768 bytes
DEB [20200227-00:27:16.322] thr=1   paramiko.transport: [chan 2] Max packet out: 32768 bytes
DEB [20200227-00:27:16.322] thr=1   paramiko.transport: Secsh channel 2 opened.
DEB [20200227-00:27:16.332] thr=1   paramiko.transport: [chan 1] Sesch channel 1 request ok
DEB [20200227-00:27:16.333] thr=1   paramiko.transport: [chan 3] Max packet out: 32768 bytes
DEB [20200227-00:27:16.333] thr=3   paramiko.transport: [chan 1] EOF sent (1)
DEB [20200227-00:27:16.333] thr=1   paramiko.transport: Secsh channel 3 opened.
DEB [20200227-00:27:16.340] thr=6   paramiko.transport: [chan 4] Max packet in: 32768 bytes
DEB [20200227-00:27:16.347] thr=1   paramiko.transport: [chan 2] Sesch channel 2 request ok
DEB [20200227-00:27:16.347] thr=4   paramiko.transport: [chan 2] EOF sent (2)
DEB [20200227-00:27:16.365] thr=7   paramiko.transport: [chan 5] Max packet in: 32768 bytes
DEB [20200227-00:27:16.367] thr=1   paramiko.transport: [chan 3] Sesch channel 3 request ok
DEB [20200227-00:27:16.368] thr=5   paramiko.transport: [chan 3] EOF sent (3)
DEB [20200227-00:27:16.369] thr=1   paramiko.transport: [chan 4] Max packet out: 32768 bytes
DEB [20200227-00:27:16.369] thr=1   paramiko.transport: Secsh channel 4 opened.
DEB [20200227-00:27:16.371] thr=8   paramiko.transport: [chan 6] Max packet in: 32768 bytes
DEB [20200227-00:27:16.372] thr=9   paramiko.transport: [chan 7] Max packet in: 32768 bytes
DEB [20200227-00:27:16.379] thr=10  paramiko.transport: [chan 8] Max packet in: 32768 bytes
DEB [20200227-00:27:16.383] thr=11  paramiko.transport: [chan 9] Max packet in: 32768 bytes
DEB [20200227-00:27:16.396] thr=3   paramiko.transport: [chan 10] Max packet in: 32768 bytes
DEB [20200227-00:27:16.400] thr=12  paramiko.transport: [chan 11] Max packet in: 32768 bytes
DEB [20200227-00:27:16.410] thr=13  paramiko.transport: [chan 12] Max packet in: 32768 bytes
DEB [20200227-00:27:16.415] thr=14  paramiko.transport: [chan 13] Max packet in: 32768 bytes
DEB [20200227-00:27:16.426] thr=15  paramiko.transport: [chan 14] Max packet in: 32768 bytes
DEB [20200227-00:27:16.431] thr=16  paramiko.transport: [chan 15] Max packet in: 32768 bytes
DEB [20200227-00:27:16.443] thr=17  paramiko.transport: [chan 16] Max packet in: 32768 bytes
DEB [20200227-00:27:16.448] thr=18  paramiko.transport: [chan 17] Max packet in: 32768 bytes
DEB [20200227-00:27:16.458] thr=19  paramiko.transport: [chan 18] Max packet in: 32768 bytes
DEB [20200227-00:27:16.460] thr=1   paramiko.transport: [chan 5] Max packet out: 32768 bytes
DEB [20200227-00:27:16.460] thr=1   paramiko.transport: Secsh channel 5 opened.
DEB [20200227-00:27:16.462] thr=1   paramiko.transport: [chan 4] Sesch channel 4 request ok
DEB [20200227-00:27:16.462] thr=6   paramiko.transport: [chan 4] EOF sent (4)
DEB [20200227-00:27:16.463] thr=1   paramiko.transport: [chan 6] Max packet out: 32768 bytes
DEB [20200227-00:27:16.463] thr=1   paramiko.transport: Secsh channel 6 opened.
DEB [20200227-00:27:16.464] thr=20  paramiko.transport: [chan 19] Max packet in: 32768 bytes
DEB [20200227-00:27:16.465] thr=1   paramiko.transport: [chan 7] Max packet out: 32768 bytes
DEB [20200227-00:27:16.466] thr=1   paramiko.transport: Secsh channel 7 opened.
DEB [20200227-00:27:16.466] thr=1   paramiko.transport: [chan 8] Max packet out: 32768 bytes
DEB [20200227-00:27:16.466] thr=1   paramiko.transport: Secsh channel 8 opened.
DEB [20200227-00:27:16.467] thr=1   paramiko.transport: [chan 9] Max packet out: 32768 bytes
DEB [20200227-00:27:16.467] thr=1   paramiko.transport: Secsh channel 9 opened.
DEB [20200227-00:27:16.467] thr=1   paramiko.transport: [chan 10] Max packet out: 32768 bytes
DEB [20200227-00:27:16.467] thr=1   paramiko.transport: Secsh channel 10 opened.
ERR [20200227-00:27:16.468] thr=1   paramiko.transport: Secsh channel 11 open FAILED: open failed: Connect failed
ERR [20200227-00:27:16.468] thr=1   paramiko.transport: Secsh channel 12 open FAILED: open failed: Connect failed
ERR [20200227-00:27:16.469] thr=1   paramiko.transport: Secsh channel 13 open FAILED: open failed: Connect failed
DEB [20200227-00:27:16.470] thr=1   paramiko.transport: Ignoring message for dead channel 1
DEB [20200227-00:27:16.471] thr=1   paramiko.transport: Ignoring message for dead channel 1
DEB [20200227-00:27:16.473] thr=1   paramiko.transport: [chan 14] Max packet out: 32768 bytes
DEB [20200227-00:27:16.473] thr=1   paramiko.transport: Secsh channel 14 opened.
ERR [20200227-00:27:16.476] thr=1   paramiko.transport: Secsh channel 15 open FAILED: open failed: Connect failed
ERR [20200227-00:27:16.479] thr=1   paramiko.transport: Secsh channel 16 open FAILED: open failed: Connect failed
DEB [20200227-00:27:16.479] thr=21  paramiko.transport: [chan 20] Max packet in: 32768 bytes
ERR [20200227-00:27:16.481] thr=1   paramiko.transport: Secsh channel 17 open FAILED: open failed: Connect failed
ERR [20200227-00:27:16.484] thr=1   paramiko.transport: Secsh channel 18 open FAILED: open failed: Connect failed
DEB [20200227-00:27:16.489] thr=22  paramiko.transport: [chan 21] Max packet in: 32768 bytes
DEB [20200227-00:27:16.492] thr=23  paramiko.transport: [chan 22] Max packet in: 32768 bytes
DEB [20200227-00:27:16.496] thr=24  paramiko.transport: [chan 23] Max packet in: 32768 bytes
DEB [20200227-00:27:16.506] thr=25  paramiko.transport: [chan 24] Max packet in: 32768 bytes
DEB [20200227-00:27:16.511] thr=26  paramiko.transport: [chan 25] Max packet in: 32768 bytes
DEB [20200227-00:27:16.522] thr=27  paramiko.transport: [chan 26] Max packet in: 32768 bytes
DEB [20200227-00:27:16.527] thr=28  paramiko.transport: [chan 27] Max packet in: 32768 bytes
DEB [20200227-00:27:16.536] thr=29  paramiko.transport: [chan 28] Max packet in: 32768 bytes
DEB [20200227-00:27:16.547] thr=30  paramiko.transport: [chan 29] Max packet in: 32768 bytes
DEB [20200227-00:27:16.553] thr=31  paramiko.transport: [chan 30] Max packet in: 32768 bytes
DEB [20200227-00:27:16.562] thr=32  paramiko.transport: [chan 31] Max packet in: 32768 bytes
DEB [20200227-00:27:16.566] thr=14  paramiko.transport: [chan 32] Max packet in: 32768 bytes
DEB [20200227-00:27:16.580] thr=33  paramiko.transport: [chan 33] Max packet in: 32768 bytes
DEB [20200227-00:27:16.584] thr=34  paramiko.transport: [chan 34] Max packet in: 32768 bytes
DEB [20200227-00:27:16.589] thr=35  paramiko.transport: [chan 35] Max packet in: 32768 bytes
DEB [20200227-00:27:16.605] thr=36  paramiko.transport: [chan 36] Max packet in: 32768 bytes
DEB [20200227-00:27:16.608] thr=13  paramiko.transport: [chan 37] Max packet in: 32768 bytes
DEB [20200227-00:27:16.617] thr=37  paramiko.transport: [chan 38] Max packet in: 32768 bytes
DEB [20200227-00:27:16.622] thr=38  paramiko.transport: [chan 39] Max packet in: 32768 bytes
DEB [20200227-00:27:16.636] thr=39  paramiko.transport: [chan 40] Max packet in: 32768 bytes
DEB [20200227-00:27:16.642] thr=40  paramiko.transport: [chan 41] Max packet in: 32768 bytes
DEB [20200227-00:27:16.644] thr=1   paramiko.transport: [chan 5] Sesch channel 5 request ok
DEB [20200227-00:27:16.644] thr=7   paramiko.transport: [chan 5] EOF sent (5)
DEB [20200227-00:27:16.645] thr=1   paramiko.transport: [chan 6] Sesch channel 6 request ok
DEB [20200227-00:27:16.645] thr=8   paramiko.transport: [chan 6] EOF sent (6)
ERR [20200227-00:27:16.645] thr=1   paramiko.transport: Secsh channel 19 open FAILED: open failed: Connect failed
DEB [20200227-00:27:16.646] thr=1   paramiko.transport: [chan 7] Sesch channel 7 request ok
DEB [20200227-00:27:16.647] thr=9   paramiko.transport: [chan 7] EOF sent (7)
DEB [20200227-00:27:16.648] thr=1   paramiko.transport: [chan 8] Sesch channel 8 request ok
DEB [20200227-00:27:16.649] thr=10  paramiko.transport: [chan 8] EOF sent (8)
DEB [20200227-00:27:16.649] thr=1   paramiko.transport: [chan 9] Sesch channel 9 request ok
DEB [20200227-00:27:16.650] thr=41  paramiko.transport: [chan 42] Max packet in: 32768 bytes
DEB [20200227-00:27:16.651] thr=11  paramiko.transport: [chan 9] EOF sent (9)
DEB [20200227-00:27:16.653] thr=1   paramiko.transport: [chan 10] Sesch channel 10 request ok
DEB [20200227-00:27:16.653] thr=1   paramiko.transport: Ignoring message for dead channel 2
DEB [20200227-00:27:16.653] thr=3   paramiko.transport: [chan 10] EOF sent (10)
DEB [20200227-00:27:16.654] thr=1   paramiko.transport: Ignoring message for dead channel 3
DEB [20200227-00:27:16.656] thr=42  paramiko.transport: [chan 43] Max packet in: 32768 bytes
DEB [20200227-00:27:16.656] thr=1   paramiko.transport: Ignoring message for dead channel 4
DEB [20200227-00:27:16.657] thr=1   paramiko.transport: Ignoring message for dead channel 2
DEB [20200227-00:27:16.657] thr=1   paramiko.transport: Ignoring message for dead channel 3
DEB [20200227-00:27:16.657] thr=1   paramiko.transport: Ignoring message for dead channel 4
DEB [20200227-00:27:16.664] thr=43  paramiko.transport: [chan 44] Max packet in: 32768 bytes
DEB [20200227-00:27:16.670] thr=44  paramiko.transport: [chan 45] Max packet in: 32768 bytes
DEB [20200227-00:27:16.693] thr=10  paramiko.transport: [chan 46] Max packet in: 32768 bytes
DEB [20200227-00:27:16.697] thr=45  paramiko.transport: [chan 47] Max packet in: 32768 bytes
DEB [20200227-00:27:16.701] thr=46  paramiko.transport: [chan 48] Max packet in: 32768 bytes
DEB [20200227-00:27:16.714] thr=47  paramiko.transport: [chan 49] Max packet in: 32768 bytes
DEB [20200227-00:27:16.719] thr=48  paramiko.transport: [chan 50] Max packet in: 32768 bytes
DEB [20200227-00:27:16.728] thr=49  paramiko.transport: [chan 51] Max packet in: 32768 bytes
DEB [20200227-00:27:16.735] thr=50  paramiko.transport: [chan 52] Max packet in: 32768 bytes
DEB [20200227-00:27:16.743] thr=51  paramiko.transport: [chan 53] Max packet in: 32768 bytes
DEB [20200227-00:27:16.750] thr=52  paramiko.transport: [chan 54] Max packet in: 32768 bytes
DEB [20200227-00:27:16.761] thr=53  paramiko.transport: [chan 55] Max packet in: 32768 bytes
DEB [20200227-00:27:16.766] thr=54  paramiko.transport: [chan 56] Max packet in: 32768 bytes
DEB [20200227-00:27:16.767] thr=1   paramiko.transport: [chan 14] Sesch channel 14 request ok
DEB [20200227-00:27:16.767] thr=15  paramiko.transport: [chan 14] EOF sent (14)
DEB [20200227-00:27:16.768] thr=1   paramiko.transport: [chan 20] Max packet out: 32768 bytes
DEB [20200227-00:27:16.768] thr=1   paramiko.transport: Secsh channel 20 opened.
DEB [20200227-00:27:16.768] thr=1   paramiko.transport: [chan 21] Max packet out: 32768 bytes
DEB [20200227-00:27:16.769] thr=1   paramiko.transport: Secsh channel 21 opened.
DEB [20200227-00:27:16.769] thr=1   paramiko.transport: [chan 22] Max packet out: 32768 bytes
DEB [20200227-00:27:16.769] thr=1   paramiko.transport: Secsh channel 22 opened.
ERR [20200227-00:27:16.769] thr=1   paramiko.transport: Secsh channel 23 open FAILED: open failed: Connect failed
ERR [20200227-00:27:16.770] thr=1   paramiko.transport: Secsh channel 24 open FAILED: open failed: Connect failed
ERR [20200227-00:27:16.770] thr=1   paramiko.transport: Secsh channel 25 open FAILED: open failed: Connect failed
ERR [20200227-00:27:16.771] thr=1   paramiko.transport: Secsh channel 26 open FAILED: open failed: Connect failed
ERR [20200227-00:27:16.772] thr=1   paramiko.transport: Secsh channel 27 open FAILED: open failed: Connect failed
ERR [20200227-00:27:16.772] thr=1   paramiko.transport: Secsh channel 28 open FAILED: open failed: Connect failed
ERR [20200227-00:27:16.774] thr=1   paramiko.transport: Secsh channel 29 open FAILED: open failed: Connect failed
ERR [20200227-00:27:16.775] thr=1   paramiko.transport: Secsh channel 30 open FAILED: open failed: Connect failed
DEB [20200227-00:27:16.776] thr=55  paramiko.transport: [chan 57] Max packet in: 32768 bytes
ERR [20200227-00:27:16.777] thr=1   paramiko.transport: Secsh channel 31 open FAILED: open failed: Connect failed
ERR [20200227-00:27:16.778] thr=1   paramiko.transport: Secsh channel 32 open FAILED: open failed: Connect failed
ERR [20200227-00:27:16.778] thr=1   paramiko.transport: Secsh channel 33 open FAILED: open failed: Connect failed
ERR [20200227-00:27:16.779] thr=1   paramiko.transport: Secsh channel 34 open FAILED: open failed: Connect failed
ERR [20200227-00:27:16.779] thr=1   paramiko.transport: Secsh channel 35 open FAILED: open failed: Connect failed
ERR [20200227-00:27:16.780] thr=1   paramiko.transport: Secsh channel 36 open FAILED: open failed: Connect failed
ERR [20200227-00:27:16.781] thr=1   paramiko.transport: Secsh channel 37 open FAILED: open failed: Connect failed
ERR [20200227-00:27:16.781] thr=1   paramiko.transport: Secsh channel 38 open FAILED: open failed: Connect failed
ERR [20200227-00:27:16.782] thr=1   paramiko.transport: Secsh channel 39 open FAILED: open failed: Connect failed
DEB [20200227-00:27:16.783] thr=1   paramiko.transport: Ignoring message for dead channel 5
DEB [20200227-00:27:16.785] thr=1   paramiko.transport: Ignoring message for dead channel 6
DEB [20200227-00:27:16.786] thr=56  paramiko.transport: [chan 58] Max packet in: 32768 bytes
DEB [20200227-00:27:16.786] thr=1   paramiko.transport: Ignoring message for dead channel 7
DEB [20200227-00:27:16.789] thr=57  paramiko.transport: [chan 59] Max packet in: 32768 bytes
ERR [20200227-00:27:16.792] thr=1   paramiko.transport: Secsh channel 40 open FAILED: open failed: Connect failed
ERR [20200227-00:27:16.793] thr=1   paramiko.transport: Secsh channel 41 open FAILED: open failed: Connect failed
ERR [20200227-00:27:16.794] thr=1   paramiko.transport: Secsh channel 42 open FAILED: open failed: Connect failed
ERR [20200227-00:27:16.794] thr=1   paramiko.transport: Secsh channel 43 open FAILED: open failed: Connect failed
ERR [20200227-00:27:16.795] thr=1   paramiko.transport: Secsh channel 44 open FAILED: open failed: Connect failed
ERR [20200227-00:27:16.796] thr=1   paramiko.transport: Secsh channel 45 open FAILED: open failed: Connect failed
ERR [20200227-00:27:16.797] thr=1   paramiko.transport: Secsh channel 46 open FAILED: open failed: Connect failed
ERR [20200227-00:27:16.799] thr=1   paramiko.transport: Secsh channel 47 open FAILED: open failed: Connect failed
DEB [20200227-00:27:16.799] thr=58  paramiko.transport: [chan 60] Max packet in: 32768 bytes
ERR [20200227-00:27:16.801] thr=1   paramiko.transport: Secsh channel 48 open FAILED: open failed: Connect failed
ERR [20200227-00:27:16.802] thr=1   paramiko.transport: Secsh channel 49 open FAILED: open failed: Connect failed
DEB [20200227-00:27:16.802] thr=1   paramiko.transport: Ignoring message for dead channel 5
DEB [20200227-00:27:16.803] thr=1   paramiko.transport: Ignoring message for dead channel 6
DEB [20200227-00:27:16.803] thr=1   paramiko.transport: Ignoring message for dead channel 7
DEB [20200227-00:27:16.804] thr=1   paramiko.transport: Ignoring message for dead channel 8
DEB [20200227-00:27:16.804] thr=1   paramiko.transport: Ignoring message for dead channel 9
DEB [20200227-00:27:16.804] thr=1   paramiko.transport: Ignoring message for dead channel 8
DEB [20200227-00:27:16.806] thr=1   paramiko.transport: Ignoring message for dead channel 9
DEB [20200227-00:27:16.806] thr=59  paramiko.transport: [chan 61] Max packet in: 32768 bytes
DEB [20200227-00:27:16.807] thr=1   paramiko.transport: [chan 50] Max packet out: 32768 bytes
DEB [20200227-00:27:16.807] thr=1   paramiko.transport: Secsh channel 50 opened.
DEB [20200227-00:27:16.808] thr=1   paramiko.transport: [chan 51] Max packet out: 32768 bytes
DEB [20200227-00:27:16.808] thr=1   paramiko.transport: Secsh channel 51 opened.
DEB [20200227-00:27:16.808] thr=1   paramiko.transport: [chan 52] Max packet out: 32768 bytes
DEB [20200227-00:27:16.809] thr=1   paramiko.transport: Secsh channel 52 opened.
DEB [20200227-00:27:16.809] thr=1   paramiko.transport: [chan 53] Max packet out: 32768 bytes
DEB [20200227-00:27:16.809] thr=1   paramiko.transport: Secsh channel 53 opened.
DEB [20200227-00:27:16.809] thr=1   paramiko.transport: [chan 54] Max packet out: 32768 bytes
DEB [20200227-00:27:16.809] thr=1   paramiko.transport: Secsh channel 54 opened.
ERR [20200227-00:27:16.810] thr=1   paramiko.transport: Secsh channel 55 open FAILED: open failed: Connect failed
ERR [20200227-00:27:16.810] thr=1   paramiko.transport: Secsh channel 56 open FAILED: open failed: Connect failed
DEB [20200227-00:27:16.810] thr=1   paramiko.transport: Ignoring message for dead channel 10
DEB [20200227-00:27:16.811] thr=1   paramiko.transport: Ignoring message for dead channel 10
DEB [20200227-00:27:16.816] thr=60  paramiko.transport: [chan 62] Max packet in: 32768 bytes
DEB [20200227-00:27:16.821] thr=61  paramiko.transport: [chan 63] Max packet in: 32768 bytes
DEB [20200227-00:27:16.834] thr=62  paramiko.transport: [chan 64] Max packet in: 32768 bytes
DEB [20200227-00:27:16.839] thr=63  paramiko.transport: [chan 65] Max packet in: 32768 bytes
DEB [20200227-00:27:16.846] thr=64  paramiko.transport: [chan 66] Max packet in: 32768 bytes
DEB [20200227-00:27:16.859] thr=65  paramiko.transport: [chan 67] Max packet in: 32768 bytes
DEB [20200227-00:27:16.864] thr=66  paramiko.transport: [chan 68] Max packet in: 32768 bytes
DEB [20200227-00:27:16.865] thr=1   paramiko.transport: [chan 20] Sesch channel 20 request ok
DEB [20200227-00:27:16.866] thr=21  paramiko.transport: [chan 20] EOF sent (20)
DEB [20200227-00:27:16.866] thr=1   paramiko.transport: [chan 21] Sesch channel 21 request ok
DEB [20200227-00:27:16.867] thr=1   paramiko.transport: [chan 22] Sesch channel 22 request ok
DEB [20200227-00:27:16.867] thr=22  paramiko.transport: [chan 21] EOF sent (21)
DEB [20200227-00:27:16.867] thr=23  paramiko.transport: [chan 22] EOF sent (22)
DEB [20200227-00:27:16.867] thr=1   paramiko.transport: [chan 57] Max packet out: 32768 bytes
DEB [20200227-00:27:16.868] thr=1   paramiko.transport: Secsh channel 57 opened.
DEB [20200227-00:27:16.868] thr=1   paramiko.transport: Ignoring message for dead channel 14
DEB [20200227-00:27:16.868] thr=1   paramiko.transport: Ignoring message for dead channel 14
DEB [20200227-00:27:16.873] thr=67  paramiko.transport: [chan 69] Max packet in: 32768 bytes
DEB [20200227-00:27:16.887] thr=68  paramiko.transport: [chan 70] Max packet in: 32768 bytes
DEB [20200227-00:27:17.042] thr=1   paramiko.transport: [chan 58] Max packet out: 32768 bytes
DEB [20200227-00:27:17.042] thr=1   paramiko.transport: Secsh channel 58 opened.
ERR [20200227-00:27:17.043] thr=1   paramiko.transport: Secsh channel 59 open FAILED: open failed: Connect failed
ERR [20200227-00:27:17.044] thr=1   paramiko.transport: Secsh channel 60 open FAILED: open failed: Connect failed
ERR [20200227-00:27:17.045] thr=1   paramiko.transport: Secsh channel 61 open FAILED: open failed: Connect failed
DEB [20200227-00:27:17.046] thr=1   paramiko.transport: [chan 50] Sesch channel 50 request ok
DEB [20200227-00:27:17.047] thr=48  paramiko.transport: [chan 50] EOF sent (50)
DEB [20200227-00:27:17.047] thr=1   paramiko.transport: [chan 51] Sesch channel 51 request ok
DEB [20200227-00:27:17.047] thr=49  paramiko.transport: [chan 51] EOF sent (51)
DEB [20200227-00:27:17.048] thr=1   paramiko.transport: [chan 52] Sesch channel 52 request ok
DEB [20200227-00:27:17.048] thr=50  paramiko.transport: [chan 52] EOF sent (52)
DEB [20200227-00:27:17.049] thr=1   paramiko.transport: [chan 53] Sesch channel 53 request ok
DEB [20200227-00:27:17.049] thr=51  paramiko.transport: [chan 53] EOF sent (53)
DEB [20200227-00:27:17.049] thr=1   paramiko.transport: [chan 54] Sesch channel 54 request ok
DEB [20200227-00:27:17.050] thr=52  paramiko.transport: [chan 54] EOF sent (54)
ERR [20200227-00:27:17.050] thr=1   paramiko.transport: Secsh channel 62 open FAILED: open failed: Connect failed
ERR [20200227-00:27:17.051] thr=1   paramiko.transport: Secsh channel 63 open FAILED: open failed: Connect failed
ERR [20200227-00:27:17.052] thr=1   paramiko.transport: Secsh channel 64 open FAILED: open failed: Connect failed
ERR [20200227-00:27:17.052] thr=1   paramiko.transport: Secsh channel 65 open FAILED: open failed: Connect failed
DEB [20200227-00:27:17.053] thr=1   paramiko.transport: Ignoring message for dead channel 20
DEB [20200227-00:27:17.053] thr=1   paramiko.transport: Ignoring message for dead channel 21
DEB [20200227-00:27:17.054] thr=1   paramiko.transport: Ignoring message for dead channel 22
ERR [20200227-00:27:17.113] thr=1   paramiko.transport: Secsh channel 66 open FAILED: open failed: Connect failed
ERR [20200227-00:27:17.114] thr=1   paramiko.transport: Secsh channel 67 open FAILED: open failed: Connect failed
ERR [20200227-00:27:17.114] thr=1   paramiko.transport: Secsh channel 68 open FAILED: open failed: Connect failed
DEB [20200227-00:27:17.115] thr=1   paramiko.transport: [chan 57] Sesch channel 57 request ok
DEB [20200227-00:27:17.116] thr=55  paramiko.transport: [chan 57] EOF sent (57)
ERR [20200227-00:27:17.116] thr=1   paramiko.transport: Secsh channel 69 open FAILED: open failed: Connect failed
ERR [20200227-00:27:17.117] thr=1   paramiko.transport: Secsh channel 70 open FAILED: open failed: Connect failed
DEB [20200227-00:27:17.117] thr=1   paramiko.transport: Ignoring message for dead channel 20
DEB [20200227-00:27:17.118] thr=1   paramiko.transport: Ignoring message for dead channel 21
DEB [20200227-00:27:17.118] thr=1   paramiko.transport: Ignoring message for dead channel 22
DEB [20200227-00:27:17.118] thr=1   paramiko.transport: Ignoring message for dead channel 50
DEB [20200227-00:27:17.118] thr=1   paramiko.transport: Ignoring message for dead channel 51
DEB [20200227-00:27:17.119] thr=1   paramiko.transport: [chan 58] Sesch channel 58 request ok
DEB [20200227-00:27:17.119] thr=56  paramiko.transport: [chan 58] EOF sent (58)
DEB [20200227-00:27:17.119] thr=1   paramiko.transport: Ignoring message for dead channel 50
DEB [20200227-00:27:17.119] thr=1   paramiko.transport: Ignoring message for dead channel 51
DEB [20200227-00:27:17.153] thr=1   paramiko.transport: Ignoring message for dead channel 52
DEB [20200227-00:27:17.153] thr=1   paramiko.transport: Ignoring message for dead channel 52
DEB [20200227-00:27:17.161] thr=1   paramiko.transport: Ignoring message for dead channel 53
DEB [20200227-00:27:17.161] thr=1   paramiko.transport: Ignoring message for dead channel 53
DEB [20200227-00:27:17.168] thr=1   paramiko.transport: Ignoring message for dead channel 54
DEB [20200227-00:27:17.169] thr=1   paramiko.transport: Ignoring message for dead channel 54
DEB [20200227-00:27:17.190] thr=1   paramiko.transport: Ignoring message for dead channel 57
DEB [20200227-00:27:17.190] thr=1   paramiko.transport: Ignoring message for dead channel 57
DEB [20200227-00:27:17.195] thr=1   paramiko.transport: Ignoring message for dead channel 58
DEB [20200227-00:27:17.195] thr=1   paramiko.transport: Ignoring message for dead channel 58
DEB [20200227-00:27:17.729] thr=69  paramiko.transport: [chan 71] Max packet in: 32768 bytes
DEB [20200227-00:27:17.733] thr=70  paramiko.transport: [chan 72] Max packet in: 32768 bytes
DEB [20200227-00:27:17.740] thr=71  paramiko.transport: [chan 73] Max packet in: 32768 bytes
DEB [20200227-00:27:17.743] thr=1   paramiko.transport: [chan 71] Max packet out: 32768 bytes
DEB [20200227-00:27:17.743] thr=1   paramiko.transport: Secsh channel 71 opened.
DEB [20200227-00:27:17.746] thr=72  paramiko.transport: [chan 74] Max packet in: 32768 bytes
DEB [20200227-00:27:17.748] thr=1   paramiko.transport: [chan 72] Max packet out: 32768 bytes
DEB [20200227-00:27:17.748] thr=1   paramiko.transport: Secsh channel 72 opened.
DEB [20200227-00:27:17.748] thr=1   paramiko.transport: [chan 73] Max packet out: 32768 bytes
DEB [20200227-00:27:17.748] thr=1   paramiko.transport: Secsh channel 73 opened.
DEB [20200227-00:27:17.757] thr=73  paramiko.transport: [chan 75] Max packet in: 32768 bytes
DEB [20200227-00:27:17.757] thr=1   paramiko.transport: [chan 71] Sesch channel 71 request ok
DEB [20200227-00:27:17.758] thr=69  paramiko.transport: [chan 71] EOF sent (71)
DEB [20200227-00:27:17.759] thr=1   paramiko.transport: [chan 74] Max packet out: 32768 bytes
DEB [20200227-00:27:17.759] thr=1   paramiko.transport: Secsh channel 74 opened.
DEB [20200227-00:27:17.762] thr=74  paramiko.transport: [chan 76] Max packet in: 32768 bytes
DEB [20200227-00:27:17.774] thr=20  paramiko.transport: [chan 77] Max packet in: 32768 bytes
DEB [20200227-00:27:17.779] thr=75  paramiko.transport: [chan 78] Max packet in: 32768 bytes
DEB [20200227-00:27:17.789] thr=76  paramiko.transport: [chan 79] Max packet in: 32768 bytes
DEB [20200227-00:27:17.794] thr=77  paramiko.transport: [chan 80] Max packet in: 32768 bytes
DEB [20200227-00:27:17.795] thr=1   paramiko.transport: [chan 72] Sesch channel 72 request ok
DEB [20200227-00:27:17.796] thr=70  paramiko.transport: [chan 72] EOF sent (72)
DEB [20200227-00:27:17.797] thr=1   paramiko.transport: [chan 73] Sesch channel 73 request ok
DEB [20200227-00:27:17.797] thr=71  paramiko.transport: [chan 73] EOF sent (73)
DEB [20200227-00:27:17.806] thr=78  paramiko.transport: [chan 81] Max packet in: 32768 bytes
DEB [20200227-00:27:17.807] thr=1   paramiko.transport: [chan 75] Max packet out: 32768 bytes
DEB [20200227-00:27:17.807] thr=1   paramiko.transport: Secsh channel 75 opened.
DEB [20200227-00:27:17.809] thr=1   paramiko.transport: [chan 74] Sesch channel 74 request ok
DEB [20200227-00:27:17.809] thr=72  paramiko.transport: [chan 74] EOF sent (74)
DEB [20200227-00:27:17.810] thr=1   paramiko.transport: [chan 76] Max packet out: 32768 bytes
DEB [20200227-00:27:17.810] thr=1   paramiko.transport: Secsh channel 76 opened.
DEB [20200227-00:27:17.812] thr=79  paramiko.transport: [chan 82] Max packet in: 32768 bytes
DEB [20200227-00:27:17.813] thr=1   paramiko.transport: [chan 77] Max packet out: 32768 bytes
DEB [20200227-00:27:17.813] thr=1   paramiko.transport: Secsh channel 77 opened.
DEB [20200227-00:27:17.814] thr=1   paramiko.transport: [chan 78] Max packet out: 32768 bytes
DEB [20200227-00:27:17.814] thr=1   paramiko.transport: Secsh channel 78 opened.
DEB [20200227-00:27:17.814] thr=1   paramiko.transport: [chan 79] Max packet out: 32768 bytes
DEB [20200227-00:27:17.814] thr=1   paramiko.transport: Secsh channel 79 opened.
DEB [20200227-00:27:17.815] thr=1   paramiko.transport: [chan 80] Max packet out: 32768 bytes
DEB [20200227-00:27:17.815] thr=1   paramiko.transport: Secsh channel 80 opened.
DEB [20200227-00:27:17.817] thr=80  paramiko.transport: [chan 83] Max packet in: 32768 bytes
DEB [20200227-00:27:17.830] thr=81  paramiko.transport: [chan 84] Max packet in: 32768 bytes
DEB [20200227-00:27:17.835] thr=82  paramiko.transport: [chan 85] Max packet in: 32768 bytes
DEB [20200227-00:27:17.842] thr=83  paramiko.transport: [chan 86] Max packet in: 32768 bytes
DEB [20200227-00:27:17.856] thr=84  paramiko.transport: [chan 87] Max packet in: 32768 bytes
DEB [20200227-00:27:17.859] thr=7   paramiko.transport: [chan 88] Max packet in: 32768 bytes
DEB [20200227-00:27:17.869] thr=85  paramiko.transport: [chan 89] Max packet in: 32768 bytes
DEB [20200227-00:27:17.874] thr=4   paramiko.transport: [chan 90] Max packet in: 32768 bytes
DEB [20200227-00:27:17.876] thr=1   paramiko.transport: Ignoring message for dead channel 71
DEB [20200227-00:27:17.876] thr=1   paramiko.transport: Ignoring message for dead channel 71
DEB [20200227-00:27:17.887] thr=3   paramiko.transport: [chan 91] Max packet in: 32768 bytes
DEB [20200227-00:27:17.891] thr=86  paramiko.transport: [chan 92] Max packet in: 32768 bytes
DEB [20200227-00:27:17.903] thr=87  paramiko.transport: [chan 93] Max packet in: 32768 bytes
DEB [20200227-00:27:17.907] thr=88  paramiko.transport: [chan 94] Max packet in: 32768 bytes
DEB [20200227-00:27:17.917] thr=89  paramiko.transport: [chan 95] Max packet in: 32768 bytes
DEB [20200227-00:27:17.921] thr=90  paramiko.transport: [chan 96] Max packet in: 32768 bytes
DEB [20200227-00:27:17.935] thr=91  paramiko.transport: [chan 97] Max packet in: 32768 bytes
DEB [20200227-00:27:17.940] thr=34  paramiko.transport: [chan 98] Max packet in: 32768 bytes
DEB [20200227-00:27:17.949] thr=92  paramiko.transport: [chan 99] Max packet in: 32768 bytes
DEB [20200227-00:27:17.954] thr=93  paramiko.transport: [chan 100] Max packet in: 32768 bytes
DEB [20200227-00:27:17.966] thr=94  paramiko.transport: [chan 101] Max packet in: 32768 bytes
DEB [20200227-00:27:17.976] thr=95  paramiko.transport: [chan 102] Max packet in: 32768 bytes
DEB [20200227-00:27:17.983] thr=96  paramiko.transport: [chan 103] Max packet in: 32768 bytes
DEB [20200227-00:27:17.987] thr=97  paramiko.transport: [chan 104] Max packet in: 32768 bytes
DEB [20200227-00:27:17.996] thr=98  paramiko.transport: [chan 105] Max packet in: 32768 bytes
DEB [20200227-00:27:18.002] thr=99  paramiko.transport: [chan 106] Max packet in: 32768 bytes
DEB [20200227-00:27:18.012] thr=100 paramiko.transport: [chan 107] Max packet in: 32768 bytes
DEB [20200227-00:27:18.018] thr=40  paramiko.transport: [chan 108] Max packet in: 32768 bytes
DEB [20200227-00:27:18.029] thr=101 paramiko.transport: [chan 109] Max packet in: 32768 bytes
DEB [20200227-00:27:18.035] thr=102 paramiko.transport: [chan 110] Max packet in: 32768 bytes
DEB [20200227-00:27:18.048] thr=103 paramiko.transport: [chan 111] Max packet in: 32768 bytes
DEB [20200227-00:27:18.051] thr=104 paramiko.transport: [chan 112] Max packet in: 32768 bytes
DEB [20200227-00:27:18.064] thr=105 paramiko.transport: [chan 113] Max packet in: 32768 bytes
DEB [20200227-00:27:18.068] thr=106 paramiko.transport: [chan 114] Max packet in: 32768 bytes
DEB [20200227-00:27:18.076] thr=107 paramiko.transport: [chan 115] Max packet in: 32768 bytes
DEB [20200227-00:27:18.080] thr=108 paramiko.transport: [chan 116] Max packet in: 32768 bytes
DEB [20200227-00:27:18.086] thr=1   paramiko.transport: [chan 81] Max packet out: 32768 bytes
DEB [20200227-00:27:18.086] thr=1   paramiko.transport: Secsh channel 81 opened.
DEB [20200227-00:27:18.087] thr=1   paramiko.transport: [chan 75] Sesch channel 75 request ok
DEB [20200227-00:27:18.087] thr=73  paramiko.transport: [chan 75] EOF sent (75)
DEB [20200227-00:27:18.088] thr=1   paramiko.transport: [chan 76] Sesch channel 76 request ok
DEB [20200227-00:27:18.088] thr=74  paramiko.transport: [chan 76] EOF sent (76)
ERR [20200227-00:27:18.089] thr=1   paramiko.transport: Secsh channel 82 open FAILED: open failed: Connect failed
DEB [20200227-00:27:18.090] thr=1   paramiko.transport: [chan 77] Sesch channel 77 request ok
DEB [20200227-00:27:18.090] thr=20  paramiko.transport: [chan 77] EOF sent (77)
DEB [20200227-00:27:18.091] thr=1   paramiko.transport: [chan 78] Sesch channel 78 request ok
DEB [20200227-00:27:18.093] thr=1   paramiko.transport: [chan 79] Sesch channel 79 request ok
DEB [20200227-00:27:18.093] thr=75  paramiko.transport: [chan 78] EOF sent (78)
DEB [20200227-00:27:18.094] thr=76  paramiko.transport: [chan 79] EOF sent (79)
DEB [20200227-00:27:18.096] thr=1   paramiko.transport: [chan 80] Sesch channel 80 request ok
DEB [20200227-00:27:18.097] thr=77  paramiko.transport: [chan 80] EOF sent (80)
ERR [20200227-00:27:18.097] thr=1   paramiko.transport: Secsh channel 83 open FAILED: open failed: Connect failed
DEB [20200227-00:27:18.098] thr=109 paramiko.transport: [chan 117] Max packet in: 32768 bytes
ERR [20200227-00:27:18.099] thr=1   paramiko.transport: Secsh channel 84 open FAILED: open failed: Connect failed
ERR [20200227-00:27:18.100] thr=1   paramiko.transport: Secsh channel 85 open FAILED: open failed: Connect failed
ERR [20200227-00:27:18.101] thr=1   paramiko.transport: Secsh channel 86 open FAILED: open failed: Connect failed
DEB [20200227-00:27:18.101] thr=110 paramiko.transport: [chan 118] Max packet in: 32768 bytes
ERR [20200227-00:27:18.103] thr=1   paramiko.transport: Secsh channel 87 open FAILED: open failed: Connect failed
ERR [20200227-00:27:18.104] thr=1   paramiko.transport: Secsh channel 88 open FAILED: open failed: Connect failed
DEB [20200227-00:27:18.105] thr=1   paramiko.transport: Ignoring message for dead channel 72
DEB [20200227-00:27:18.105] thr=1   paramiko.transport: Ignoring message for dead channel 73
DEB [20200227-00:27:18.105] thr=1   paramiko.transport: Ignoring message for dead channel 74
DEB [20200227-00:27:18.106] thr=1   paramiko.transport: Ignoring message for dead channel 72
DEB [20200227-00:27:18.106] thr=1   paramiko.transport: Ignoring message for dead channel 73
DEB [20200227-00:27:18.108] thr=111 paramiko.transport: [chan 119] Max packet in: 32768 bytes
DEB [20200227-00:27:18.113] thr=112 paramiko.transport: [chan 120] Max packet in: 32768 bytes
DEB [20200227-00:27:18.125] thr=113 paramiko.transport: [chan 121] Max packet in: 32768 bytes
DEB [20200227-00:27:18.129] thr=114 paramiko.transport: [chan 122] Max packet in: 32768 bytes
DEB [20200227-00:27:18.142] thr=115 paramiko.transport: [chan 123] Max packet in: 32768 bytes
DEB [20200227-00:27:18.146] thr=116 paramiko.transport: [chan 124] Max packet in: 32768 bytes
DEB [20200227-00:27:18.156] thr=1   paramiko.transport: [chan 89] Max packet out: 32768 bytes
DEB [20200227-00:27:18.157] thr=1   paramiko.transport: Secsh channel 89 opened.
DEB [20200227-00:27:18.157] thr=117 paramiko.transport: [chan 125] Max packet in: 32768 bytes
DEB [20200227-00:27:18.158] thr=1   paramiko.transport: [chan 90] Max packet out: 32768 bytes
DEB [20200227-00:27:18.159] thr=1   paramiko.transport: Secsh channel 90 opened.
ERR [20200227-00:27:18.159] thr=1   paramiko.transport: Secsh channel 91 open FAILED: open failed: Connect failed
ERR [20200227-00:27:18.160] thr=1   paramiko.transport: Secsh channel 92 open FAILED: open failed: Connect failed
DEB [20200227-00:27:18.162] thr=118 paramiko.transport: [chan 126] Max packet in: 32768 bytes
ERR [20200227-00:27:18.163] thr=1   paramiko.transport: Secsh channel 93 open FAILED: open failed: Connect failed
ERR [20200227-00:27:18.164] thr=1   paramiko.transport: Secsh channel 94 open FAILED: open failed: Connect failed
ERR [20200227-00:27:18.165] thr=1   paramiko.transport: Secsh channel 95 open FAILED: open failed: Connect failed
ERR [20200227-00:27:18.166] thr=1   paramiko.transport: Secsh channel 96 open FAILED: open failed: Connect failed
ERR [20200227-00:27:18.166] thr=1   paramiko.transport: Secsh channel 97 open FAILED: open failed: Connect failed
ERR [20200227-00:27:18.167] thr=1   paramiko.transport: Secsh channel 98 open FAILED: open failed: Connect failed
ERR [20200227-00:27:18.167] thr=1   paramiko.transport: Secsh channel 99 open FAILED: open failed: Connect failed
ERR [20200227-00:27:18.168] thr=1   paramiko.transport: Secsh channel 100 open FAILED: open failed: Connect failed
ERR [20200227-00:27:18.168] thr=1   paramiko.transport: Secsh channel 101 open FAILED: open failed: Connect failed
ERR [20200227-00:27:18.169] thr=1   paramiko.transport: Secsh channel 102 open FAILED: open failed: Connect failed
ERR [20200227-00:27:18.170] thr=1   paramiko.transport: Secsh channel 103 open FAILED: open failed: Connect failed
ERR [20200227-00:27:18.170] thr=1   paramiko.transport: Secsh channel 104 open FAILED: open failed: Connect failed
ERR [20200227-00:27:18.171] thr=1   paramiko.transport: Secsh channel 105 open FAILED: open failed: Connect failed
ERR [20200227-00:27:18.173] thr=1   paramiko.transport: Secsh channel 106 open FAILED: open failed: Connect failed
DEB [20200227-00:27:18.175] thr=14  paramiko.transport: [chan 127] Max packet in: 32768 bytes
ERR [20200227-00:27:18.176] thr=1   paramiko.transport: Secsh channel 107 open FAILED: open failed: Connect failed
ERR [20200227-00:27:18.177] thr=1   paramiko.transport: Secsh channel 108 open FAILED: open failed: Connect failed
ERR [20200227-00:27:18.178] thr=1   paramiko.transport: Secsh channel 109 open FAILED: open failed: Connect failed
DEB [20200227-00:27:18.178] thr=119 paramiko.transport: [chan 128] Max packet in: 32768 bytes
ERR [20200227-00:27:18.180] thr=1   paramiko.transport: Secsh channel 110 open FAILED: open failed: Connect failed
ERR [20200227-00:27:18.181] thr=1   paramiko.transport: Secsh channel 111 open FAILED: open failed: Connect failed
ERR [20200227-00:27:18.181] thr=1   paramiko.transport: Secsh channel 112 open FAILED: open failed: Connect failed
ERR [20200227-00:27:18.182] thr=1   paramiko.transport: Secsh channel 113 open FAILED: open failed: Connect failed
DEB [20200227-00:27:18.182] thr=1   paramiko.transport: Ignoring message for dead channel 74
DEB [20200227-00:27:18.183] thr=1   paramiko.transport: Ignoring message for dead channel 75
DEB [20200227-00:27:18.183] thr=1   paramiko.transport: Ignoring message for dead channel 76
DEB [20200227-00:27:18.188] thr=120 paramiko.transport: [chan 129] Max packet in: 32768 bytes
DEB [20200227-00:27:18.191] thr=1   paramiko.transport: [chan 114] Max packet out: 32768 bytes
DEB [20200227-00:27:18.191] thr=1   paramiko.transport: Secsh channel 114 opened.
ERR [20200227-00:27:18.193] thr=1   paramiko.transport: Secsh channel 115 open FAILED: open failed: Connect failed
DEB [20200227-00:27:18.193] thr=121 paramiko.transport: [chan 130] Max packet in: 32768 bytes
ERR [20200227-00:27:18.194] thr=1   paramiko.transport: Secsh channel 116 open FAILED: open failed: Connect failed
DEB [20200227-00:27:18.196] thr=1   paramiko.transport: [chan 81] Sesch channel 81 request ok
DEB [20200227-00:27:18.196] thr=78  paramiko.transport: [chan 81] EOF sent (81)
ERR [20200227-00:27:18.196] thr=1   paramiko.transport: Secsh channel 117 open FAILED: open failed: Connect failed
ERR [20200227-00:27:18.196] thr=1   paramiko.transport: Secsh channel 118 open FAILED: open failed: Connect failed
ERR [20200227-00:27:18.197] thr=1   paramiko.transport: Secsh channel 119 open FAILED: open failed: Connect failed
ERR [20200227-00:27:18.197] thr=1   paramiko.transport: Secsh channel 120 open FAILED: open failed: Connect failed
ERR [20200227-00:27:18.198] thr=1   paramiko.transport: Secsh channel 121 open FAILED: open failed: Connect failed
ERR [20200227-00:27:18.198] thr=1   paramiko.transport: Secsh channel 122 open FAILED: open failed: Connect failed
ERR [20200227-00:27:18.199] thr=1   paramiko.transport: Secsh channel 123 open FAILED: open failed: Connect failed
DEB [20200227-00:27:18.199] thr=1   paramiko.transport: Ignoring message for dead channel 75
DEB [20200227-00:27:18.200] thr=1   paramiko.transport: Ignoring message for dead channel 76
DEB [20200227-00:27:18.200] thr=1   paramiko.transport: Ignoring message for dead channel 77
DEB [20200227-00:27:18.200] thr=1   paramiko.transport: Ignoring message for dead channel 78
DEB [20200227-00:27:18.200] thr=1   paramiko.transport: Ignoring message for dead channel 80
DEB [20200227-00:27:18.200] thr=1   paramiko.transport: Ignoring message for dead channel 77
DEB [20200227-00:27:18.201] thr=1   paramiko.transport: Ignoring message for dead channel 78
DEB [20200227-00:27:18.201] thr=1   paramiko.transport: Ignoring message for dead channel 80
DEB [20200227-00:27:18.204] thr=122 paramiko.transport: [chan 131] Max packet in: 32768 bytes
DEB [20200227-00:27:18.209] thr=123 paramiko.transport: [chan 132] Max packet in: 32768 bytes
DEB [20200227-00:27:18.215] thr=1   paramiko.transport: [chan 124] Max packet out: 32768 bytes
DEB [20200227-00:27:18.215] thr=1   paramiko.transport: Secsh channel 124 opened.
DEB [20200227-00:27:18.216] thr=1   paramiko.transport: Ignoring message for dead channel 79
DEB [20200227-00:27:18.216] thr=1   paramiko.transport: Ignoring message for dead channel 79
DEB [20200227-00:27:18.220] thr=78  paramiko.transport: [chan 133] Max packet in: 32768 bytes
DEB [20200227-00:27:18.224] thr=124 paramiko.transport: [chan 134] Max packet in: 32768 bytes
DEB [20200227-00:27:18.239] thr=125 paramiko.transport: [chan 135] Max packet in: 32768 bytes
DEB [20200227-00:27:18.239] thr=1   paramiko.transport: [chan 89] Sesch channel 89 request ok
DEB [20200227-00:27:18.242] thr=85  paramiko.transport: [chan 89] EOF sent (89)
DEB [20200227-00:27:18.243] thr=1   paramiko.transport: [chan 125] Max packet out: 32768 bytes
DEB [20200227-00:27:18.244] thr=1   paramiko.transport: Secsh channel 125 opened.
DEB [20200227-00:27:18.246] thr=126 paramiko.transport: [chan 136] Max packet in: 32768 bytes
DEB [20200227-00:27:18.248] thr=1   paramiko.transport: [chan 90] Sesch channel 90 request ok
DEB [20200227-00:27:18.248] thr=4   paramiko.transport: [chan 90] EOF sent (90)
DEB [20200227-00:27:18.249] thr=1   paramiko.transport: [chan 126] Max packet out: 32768 bytes
DEB [20200227-00:27:18.249] thr=1   paramiko.transport: Secsh channel 126 opened.
DEB [20200227-00:27:18.250] thr=1   paramiko.transport: [chan 127] Max packet out: 32768 bytes
DEB [20200227-00:27:18.250] thr=1   paramiko.transport: Secsh channel 127 opened.
DEB [20200227-00:27:18.252] thr=127 paramiko.transport: [chan 137] Max packet in: 32768 bytes
DEB [20200227-00:27:18.254] thr=1   paramiko.transport: [chan 128] Max packet out: 32768 bytes
DEB [20200227-00:27:18.254] thr=1   paramiko.transport: Secsh channel 128 opened.
DEB [20200227-00:27:18.257] thr=1   paramiko.transport: [chan 129] Max packet out: 32768 bytes
DEB [20200227-00:27:18.257] thr=1   paramiko.transport: Secsh channel 129 opened.
DEB [20200227-00:27:18.258] thr=4   paramiko.transport: [chan 138] Max packet in: 32768 bytes
DEB [20200227-00:27:18.259] thr=1   paramiko.transport: [chan 114] Sesch channel 114 request ok
DEB [20200227-00:27:18.259] thr=106 paramiko.transport: [chan 114] EOF sent (114)
ERR [20200227-00:27:18.260] thr=1   paramiko.transport: Secsh channel 130 open FAILED: open failed: Connect failed
ERR [20200227-00:27:18.260] thr=1   paramiko.transport: Secsh channel 131 open FAILED: open failed: Connect failed
ERR [20200227-00:27:18.261] thr=1   paramiko.transport: Secsh channel 132 open FAILED: open failed: Connect failed
DEB [20200227-00:27:18.268] thr=17  paramiko.transport: [chan 139] Max packet in: 32768 bytes
DEB [20200227-00:27:18.273] thr=128 paramiko.transport: [chan 140] Max packet in: 32768 bytes
DEB [20200227-00:27:18.279] thr=129 paramiko.transport: [chan 141] Max packet in: 32768 bytes
DEB [20200227-00:27:18.295] thr=130 paramiko.transport: [chan 142] Max packet in: 32768 bytes
DEB [20200227-00:27:18.299] thr=131 paramiko.transport: [chan 143] Max packet in: 32768 bytes
DEB [20200227-00:27:18.303] thr=132 paramiko.transport: [chan 144] Max packet in: 32768 bytes
DEB [20200227-00:27:18.309] thr=1   paramiko.transport: [chan 124] Sesch channel 124 request ok
DEB [20200227-00:27:18.310] thr=116 paramiko.transport: [chan 124] EOF sent (124)
ERR [20200227-00:27:18.310] thr=1   paramiko.transport: Secsh channel 133 open FAILED: open failed: Connect failed
ERR [20200227-00:27:18.310] thr=1   paramiko.transport: Secsh channel 134 open FAILED: open failed: Connect failed
DEB [20200227-00:27:18.317] thr=133 paramiko.transport: [chan 145] Max packet in: 32768 bytes
DEB [20200227-00:27:18.322] thr=134 paramiko.transport: [chan 146] Max packet in: 32768 bytes
DEB [20200227-00:27:18.331] thr=135 paramiko.transport: [chan 147] Max packet in: 32768 bytes
DEB [20200227-00:27:18.336] thr=8   paramiko.transport: [chan 148] Max packet in: 32768 bytes
DEB [20200227-00:27:18.348] thr=136 paramiko.transport: [chan 149] Max packet in: 32768 bytes
DEB [20200227-00:27:18.352] thr=137 paramiko.transport: [chan 150] Max packet in: 32768 bytes
DEB [20200227-00:27:18.364] thr=138 paramiko.transport: [chan 151] Max packet in: 32768 bytes
ERR [20200227-00:27:18.440] thr=1   paramiko.transport: Secsh channel 135 open FAILED: open failed: Connect failed
DEB [20200227-00:27:18.442] thr=1   paramiko.transport: [chan 125] Sesch channel 125 request ok
DEB [20200227-00:27:18.442] thr=117 paramiko.transport: [chan 125] EOF sent (125)
ERR [20200227-00:27:18.443] thr=1   paramiko.transport: Secsh channel 136 open FAILED: open failed: Connect failed
DEB [20200227-00:27:18.444] thr=1   paramiko.transport: [chan 126] Sesch channel 126 request ok
DEB [20200227-00:27:18.444] thr=118 paramiko.transport: [chan 126] EOF sent (126)
DEB [20200227-00:27:18.445] thr=1   paramiko.transport: [chan 127] Sesch channel 127 request ok
ERR [20200227-00:27:18.445] thr=1   paramiko.transport: Secsh channel 137 open FAILED: open failed: Connect failed
DEB [20200227-00:27:18.446] thr=14  paramiko.transport: [chan 127] EOF sent (127)
DEB [20200227-00:27:18.446] thr=1   paramiko.transport: [chan 128] Sesch channel 128 request ok
DEB [20200227-00:27:18.447] thr=119 paramiko.transport: [chan 128] EOF sent (128)
DEB [20200227-00:27:18.447] thr=1   paramiko.transport: Ignoring message for dead channel 81
DEB [20200227-00:27:18.447] thr=1   paramiko.transport: Ignoring message for dead channel 89
DEB [20200227-00:27:18.448] thr=1   paramiko.transport: Ignoring message for dead channel 90
DEB [20200227-00:27:18.448] thr=1   paramiko.transport: Ignoring message for dead channel 81
DEB [20200227-00:27:18.448] thr=1   paramiko.transport: Ignoring message for dead channel 89
DEB [20200227-00:27:18.549] thr=1   paramiko.transport: [chan 129] Sesch channel 129 request ok
DEB [20200227-00:27:18.550] thr=120 paramiko.transport: [chan 129] EOF sent (129)
DEB [20200227-00:27:18.550] thr=1   paramiko.transport: [chan 138] Max packet out: 32768 bytes
DEB [20200227-00:27:18.550] thr=1   paramiko.transport: Secsh channel 138 opened.
DEB [20200227-00:27:18.551] thr=1   paramiko.transport: [chan 139] Max packet out: 32768 bytes
DEB [20200227-00:27:18.551] thr=1   paramiko.transport: Secsh channel 139 opened.
ERR [20200227-00:27:18.551] thr=1   paramiko.transport: Secsh channel 140 open FAILED: open failed: Connect failed
ERR [20200227-00:27:18.554] thr=1   paramiko.transport: Secsh channel 141 open FAILED: open failed: Connect failed
ERR [20200227-00:27:18.555] thr=1   paramiko.transport: Secsh channel 142 open FAILED: open failed: Connect failed
ERR [20200227-00:27:18.555] thr=1   paramiko.transport: Secsh channel 143 open FAILED: open failed: Connect failed
ERR [20200227-00:27:18.556] thr=1   paramiko.transport: Secsh channel 144 open FAILED: open failed: Connect failed
ERR [20200227-00:27:18.557] thr=1   paramiko.transport: Secsh channel 145 open FAILED: open failed: Connect failed
ERR [20200227-00:27:18.557] thr=1   paramiko.transport: Secsh channel 146 open FAILED: open failed: Connect failed
ERR [20200227-00:27:18.559] thr=1   paramiko.transport: Secsh channel 147 open FAILED: open failed: Connect failed
ERR [20200227-00:27:18.559] thr=1   paramiko.transport: Secsh channel 148 open FAILED: open failed: Connect failed
ERR [20200227-00:27:18.560] thr=1   paramiko.transport: Secsh channel 149 open FAILED: open failed: Connect failed
ERR [20200227-00:27:18.561] thr=1   paramiko.transport: Secsh channel 150 open FAILED: open failed: Connect failed
ERR [20200227-00:27:18.561] thr=1   paramiko.transport: Secsh channel 151 open FAILED: open failed: Connect failed
DEB [20200227-00:27:18.562] thr=1   paramiko.transport: Ignoring message for dead channel 90
DEB [20200227-00:27:18.562] thr=1   paramiko.transport: Ignoring message for dead channel 114
DEB [20200227-00:27:18.563] thr=1   paramiko.transport: Ignoring message for dead channel 124
DEB [20200227-00:27:18.563] thr=1   paramiko.transport: Ignoring message for dead channel 114
DEB [20200227-00:27:18.569] thr=1   paramiko.transport: Ignoring message for dead channel 124
DEB [20200227-00:27:18.624] thr=1   paramiko.transport: Ignoring message for dead channel 125
DEB [20200227-00:27:18.624] thr=1   paramiko.transport: Ignoring message for dead channel 125
DEB [20200227-00:27:18.625] thr=1   paramiko.transport: [chan 138] Sesch channel 138 request ok
DEB [20200227-00:27:18.625] thr=4   paramiko.transport: [chan 138] EOF sent (138)
DEB [20200227-00:27:18.626] thr=1   paramiko.transport: [chan 139] Sesch channel 139 request ok
DEB [20200227-00:27:18.626] thr=17  paramiko.transport: [chan 139] EOF sent (139)
DEB [20200227-00:27:18.626] thr=1   paramiko.transport: Ignoring message for dead channel 126
DEB [20200227-00:27:18.627] thr=1   paramiko.transport: Ignoring message for dead channel 127
DEB [20200227-00:27:18.627] thr=1   paramiko.transport: Ignoring message for dead channel 128
DEB [20200227-00:27:18.628] thr=1   paramiko.transport: Ignoring message for dead channel 126
DEB [20200227-00:27:18.628] thr=1   paramiko.transport: Ignoring message for dead channel 127
DEB [20200227-00:27:18.628] thr=1   paramiko.transport: Ignoring message for dead channel 128
DEB [20200227-00:27:18.649] thr=1   paramiko.transport: Ignoring message for dead channel 129
DEB [20200227-00:27:18.650] thr=1   paramiko.transport: Ignoring message for dead channel 129
DEB [20200227-00:27:18.674] thr=1   paramiko.transport: Ignoring message for dead channel 138
DEB [20200227-00:27:18.674] thr=1   paramiko.transport: Ignoring message for dead channel 138
DEB [20200227-00:27:18.678] thr=1   paramiko.transport: Ignoring message for dead channel 139
DEB [20200227-00:27:18.678] thr=1   paramiko.transport: Ignoring message for dead channel 139
