DEB [20200226-23:06:27.284] thr=1   paramiko.transport: starting thread (client mode): 0x1c0af50
DEB [20200226-23:06:27.284] thr=1   paramiko.transport: Local version/idstring: SSH-2.0-paramiko_2.7.1
DEB [20200226-23:06:27.418] thr=1   paramiko.transport: Remote version/idstring: SSH-2.0-OpenSSH_7.9p1 Raspbian-10
INF [20200226-23:06:27.419] thr=1   paramiko.transport: Connected (version 2.0, client OpenSSH_7.9p1)
DEB [20200226-23:06:27.427] thr=1   paramiko.transport: kex algos:['curve25519-sha256', 'curve25519-sha256@libssh.org', 'ecdh-sha2-nistp256', 'ecdh-sha2-nistp384', 'ecdh-sha2-nistp521', 'diffie-hellman-group-exchange-sha256', 'diffie-hellman-group16-sha512', 'diffie-hellman-group18-sha512', 'diffie-hellman-group14-sha256', 'diffie-hellman-group14-sha1'] server key:['rsa-sha2-512', 'rsa-sha2-256', 'ssh-rsa', 'ecdsa-sha2-nistp256', 'ssh-ed25519'] client encrypt:['chacha20-poly1305@openssh.com', 'aes128-ctr', 'aes192-ctr', 'aes256-ctr', 'aes128-gcm@openssh.com', 'aes256-gcm@openssh.com'] server encrypt:['chacha20-poly1305@openssh.com', 'aes128-ctr', 'aes192-ctr', 'aes256-ctr', 'aes128-gcm@openssh.com', 'aes256-gcm@openssh.com'] client mac:['umac-64-etm@openssh.com', 'umac-128-etm@openssh.com', 'hmac-sha2-256-etm@openssh.com', 'hmac-sha2-512-etm@openssh.com', 'hmac-sha1-etm@openssh.com', 'umac-64@openssh.com', 'umac-128@openssh.com', 'hmac-sha2-256', 'hmac-sha2-512', 'hmac-sha1'] server mac:['umac-64-etm@openssh.com', 'umac-128-etm@openssh.com', 'hmac-sha2-256-etm@openssh.com', 'hmac-sha2-512-etm@openssh.com', 'hmac-sha1-etm@openssh.com', 'umac-64@openssh.com', 'umac-128@openssh.com', 'hmac-sha2-256', 'hmac-sha2-512', 'hmac-sha1'] client compress:['none', 'zlib@openssh.com'] server compress:['none', 'zlib@openssh.com'] client lang:[''] server lang:[''] kex follows?False
DEB [20200226-23:06:27.427] thr=1   paramiko.transport: Kex agreed: curve25519-sha256@libssh.org
DEB [20200226-23:06:27.427] thr=1   paramiko.transport: HostKey agreed: ecdsa-sha2-nistp256
DEB [20200226-23:06:27.427] thr=1   paramiko.transport: Cipher agreed: aes128-ctr
DEB [20200226-23:06:27.427] thr=1   paramiko.transport: MAC agreed: hmac-sha2-256
DEB [20200226-23:06:27.427] thr=1   paramiko.transport: Compression agreed: none
DEB [20200226-23:06:27.497] thr=1   paramiko.transport: kex engine KexCurve25519 specified hash_algo <built-in function openssl_sha256>
DEB [20200226-23:06:27.498] thr=1   paramiko.transport: Switch to new keys ...
DEB [20200226-23:06:27.530] thr=2   paramiko.transport: Trying discovered key b'9872f62b8e2ff054cf5bc68dfc14b3ed' in /Users/nikola/.ssh/id_rsa
DEB [20200226-23:06:27.536] thr=1   paramiko.transport: userauth is OK
INF [20200226-23:06:27.620] thr=1   paramiko.transport: Authentication (publickey) failed.
DEB [20200226-23:06:27.626] thr=1   paramiko.transport: userauth is OK
INF [20200226-23:06:27.942] thr=1   paramiko.transport: Authentication (password) successful!
DEB [20200226-23:06:27.943] thr=2   paramiko.transport: [chan 0] Max packet in: 32768 bytes
DEB [20200226-23:06:28.373] thr=1   paramiko.transport: Received global request "hostkeys-00@openssh.com"
DEB [20200226-23:06:28.373] thr=1   paramiko.transport: Rejecting "hostkeys-00@openssh.com" global request from server.
DEB [20200226-23:06:28.382] thr=1   paramiko.transport: [chan 0] Max packet out: 32768 bytes
DEB [20200226-23:06:28.382] thr=1   paramiko.transport: Secsh channel 0 opened.
DEB [20200226-23:06:28.415] thr=1   paramiko.transport: [chan 0] Sesch channel 0 request ok
DEB [20200226-23:06:28.424] thr=1   paramiko.transport: [chan 0] Sesch channel 0 request ok
DEB [20200226-23:33:16.103] thr=1   paramiko.transport: [chan 0] EOF received (0)
DEB [20200226-23:33:16.103] thr=2   paramiko.transport: [chan 0] EOF sent (0)
DEB [20200227-00:19:47.809] thr=1   paramiko.transport: starting thread (client mode): 0x595db50
DEB [20200227-00:19:47.809] thr=1   paramiko.transport: Local version/idstring: SSH-2.0-paramiko_2.7.1
DEB [20200227-00:19:47.942] thr=1   paramiko.transport: Remote version/idstring: SSH-2.0-OpenSSH_7.9p1 Raspbian-10
INF [20200227-00:19:47.942] thr=1   paramiko.transport: Connected (version 2.0, client OpenSSH_7.9p1)
DEB [20200227-00:19:47.951] thr=1   paramiko.transport: kex algos:['curve25519-sha256', 'curve25519-sha256@libssh.org', 'ecdh-sha2-nistp256', 'ecdh-sha2-nistp384', 'ecdh-sha2-nistp521', 'diffie-hellman-group-exchange-sha256', 'diffie-hellman-group16-sha512', 'diffie-hellman-group18-sha512', 'diffie-hellman-group14-sha256', 'diffie-hellman-group14-sha1'] server key:['rsa-sha2-512', 'rsa-sha2-256', 'ssh-rsa', 'ecdsa-sha2-nistp256', 'ssh-ed25519'] client encrypt:['chacha20-poly1305@openssh.com', 'aes128-ctr', 'aes192-ctr', 'aes256-ctr', 'aes128-gcm@openssh.com', 'aes256-gcm@openssh.com'] server encrypt:['chacha20-poly1305@openssh.com', 'aes128-ctr', 'aes192-ctr', 'aes256-ctr', 'aes128-gcm@openssh.com', 'aes256-gcm@openssh.com'] client mac:['umac-64-etm@openssh.com', 'umac-128-etm@openssh.com', 'hmac-sha2-256-etm@openssh.com', 'hmac-sha2-512-etm@openssh.com', 'hmac-sha1-etm@openssh.com', 'umac-64@openssh.com', 'umac-128@openssh.com', 'hmac-sha2-256', 'hmac-sha2-512', 'hmac-sha1'] server mac:['umac-64-etm@openssh.com', 'umac-128-etm@openssh.com', 'hmac-sha2-256-etm@openssh.com', 'hmac-sha2-512-etm@openssh.com', 'hmac-sha1-etm@openssh.com', 'umac-64@openssh.com', 'umac-128@openssh.com', 'hmac-sha2-256', 'hmac-sha2-512', 'hmac-sha1'] client compress:['none', 'zlib@openssh.com'] server compress:['none', 'zlib@openssh.com'] client lang:[''] server lang:[''] kex follows?False
DEB [20200227-00:19:47.951] thr=1   paramiko.transport: Kex agreed: curve25519-sha256@libssh.org
DEB [20200227-00:19:47.951] thr=1   paramiko.transport: HostKey agreed: ecdsa-sha2-nistp256
DEB [20200227-00:19:47.951] thr=1   paramiko.transport: Cipher agreed: aes128-ctr
DEB [20200227-00:19:47.951] thr=1   paramiko.transport: MAC agreed: hmac-sha2-256
DEB [20200227-00:19:47.951] thr=1   paramiko.transport: Compression agreed: none
DEB [20200227-00:19:48.019] thr=1   paramiko.transport: kex engine KexCurve25519 specified hash_algo <built-in function openssl_sha256>
DEB [20200227-00:19:48.019] thr=1   paramiko.transport: Switch to new keys ...
DEB [20200227-00:19:48.022] thr=2   paramiko.transport: Trying discovered key b'9872f62b8e2ff054cf5bc68dfc14b3ed' in /Users/nikola/.ssh/id_rsa
DEB [20200227-00:19:48.031] thr=1   paramiko.transport: userauth is OK
INF [20200227-00:19:48.117] thr=1   paramiko.transport: Authentication (publickey) failed.
DEB [20200227-00:19:48.144] thr=1   paramiko.transport: userauth is OK
INF [20200227-00:19:48.523] thr=1   paramiko.transport: Authentication (password) successful!
DEB [20200227-00:20:57.152] thr=1   paramiko.transport: starting thread (client mode): 0xc38abd0
DEB [20200227-00:20:57.152] thr=1   paramiko.transport: Local version/idstring: SSH-2.0-paramiko_2.7.1
DEB [20200227-00:20:57.272] thr=1   paramiko.transport: Remote version/idstring: SSH-2.0-OpenSSH_7.9p1 Raspbian-10
INF [20200227-00:20:57.273] thr=1   paramiko.transport: Connected (version 2.0, client OpenSSH_7.9p1)
DEB [20200227-00:20:57.281] thr=1   paramiko.transport: kex algos:['curve25519-sha256', 'curve25519-sha256@libssh.org', 'ecdh-sha2-nistp256', 'ecdh-sha2-nistp384', 'ecdh-sha2-nistp521', 'diffie-hellman-group-exchange-sha256', 'diffie-hellman-group16-sha512', 'diffie-hellman-group18-sha512', 'diffie-hellman-group14-sha256', 'diffie-hellman-group14-sha1'] server key:['rsa-sha2-512', 'rsa-sha2-256', 'ssh-rsa', 'ecdsa-sha2-nistp256', 'ssh-ed25519'] client encrypt:['chacha20-poly1305@openssh.com', 'aes128-ctr', 'aes192-ctr', 'aes256-ctr', 'aes128-gcm@openssh.com', 'aes256-gcm@openssh.com'] server encrypt:['chacha20-poly1305@openssh.com', 'aes128-ctr', 'aes192-ctr', 'aes256-ctr', 'aes128-gcm@openssh.com', 'aes256-gcm@openssh.com'] client mac:['umac-64-etm@openssh.com', 'umac-128-etm@openssh.com', 'hmac-sha2-256-etm@openssh.com', 'hmac-sha2-512-etm@openssh.com', 'hmac-sha1-etm@openssh.com', 'umac-64@openssh.com', 'umac-128@openssh.com', 'hmac-sha2-256', 'hmac-sha2-512', 'hmac-sha1'] server mac:['umac-64-etm@openssh.com', 'umac-128-etm@openssh.com', 'hmac-sha2-256-etm@openssh.com', 'hmac-sha2-512-etm@openssh.com', 'hmac-sha1-etm@openssh.com', 'umac-64@openssh.com', 'umac-128@openssh.com', 'hmac-sha2-256', 'hmac-sha2-512', 'hmac-sha1'] client compress:['none', 'zlib@openssh.com'] server compress:['none', 'zlib@openssh.com'] client lang:[''] server lang:[''] kex follows?False
DEB [20200227-00:20:57.281] thr=1   paramiko.transport: Kex agreed: curve25519-sha256@libssh.org
DEB [20200227-00:20:57.281] thr=1   paramiko.transport: HostKey agreed: ecdsa-sha2-nistp256
DEB [20200227-00:20:57.281] thr=1   paramiko.transport: Cipher agreed: aes128-ctr
DEB [20200227-00:20:57.281] thr=1   paramiko.transport: MAC agreed: hmac-sha2-256
DEB [20200227-00:20:57.281] thr=1   paramiko.transport: Compression agreed: none
DEB [20200227-00:20:57.346] thr=1   paramiko.transport: kex engine KexCurve25519 specified hash_algo <built-in function openssl_sha256>
DEB [20200227-00:20:57.346] thr=1   paramiko.transport: Switch to new keys ...
DEB [20200227-00:20:57.348] thr=2   paramiko.transport: Trying discovered key b'9872f62b8e2ff054cf5bc68dfc14b3ed' in /Users/nikola/.ssh/id_rsa
DEB [20200227-00:20:57.359] thr=1   paramiko.transport: userauth is OK
INF [20200227-00:20:57.440] thr=1   paramiko.transport: Authentication (publickey) failed.
DEB [20200227-00:20:57.447] thr=1   paramiko.transport: userauth is OK
INF [20200227-00:20:57.848] thr=1   paramiko.transport: Authentication (password) successful!
